
*** Running vivado
    with args -log clk_wiz_0.vds -m64 -product Vivado -mode batch -messageDb vivado.pb -notrace -source clk_wiz_0.tcl


****** Vivado v2017.2 (64-bit)
  **** SW Build 1909853 on Thu Jun 15 18:39:09 MDT 2017
  **** IP Build 1909766 on Thu Jun 15 19:58:00 MDT 2017
    ** Copyright 1986-2017 Xilinx, Inc. All Rights Reserved.

source clk_wiz_0.tcl -notrace
Starting RTL Elaboration : Time (s): cpu = 00:00:06 ; elapsed = 00:00:07 . Memory (MB): peak = 322.430 ; gain = 80.063
INFO: [Synth 8-638] synthesizing module 'clk_wiz_0' [c:/Users/dasba/Desktop/teleco/dsed/proyecto_dsed/DSED_VHDL_NEXUSDDR/Proyecto_dsed_final/Proyecto_dsed_final.srcs/sources_1/ip/clk_wiz_0/clk_wiz_0.v:70]
INFO: [Synth 8-638] synthesizing module 'clk_wiz_0_clk_wiz' [c:/Users/dasba/Desktop/teleco/dsed/proyecto_dsed/DSED_VHDL_NEXUSDDR/Proyecto_dsed_final/Proyecto_dsed_final.srcs/sources_1/ip/clk_wiz_0/clk_wiz_0_clk_wiz.v:68]
INFO: [Synth 8-638] synthesizing module 'IBUF' [C:/Xilinx/Vivado/2017.2/scripts/rt/data/unisim_comp.v:14470]
INFO: [Synth 8-256] done synthesizing module 'IBUF' (1#1) [C:/Xilinx/Vivado/2017.2/scripts/rt/data/unisim_comp.v:14470]
INFO: [Synth 8-638] synthesizing module 'MMCME2_ADV' [C:/Xilinx/Vivado/2017.2/scripts/rt/data/unisim_comp.v:20759]
INFO: [Synth 8-256] done synthesizing module 'MMCME2_ADV' (2#1) [C:/Xilinx/Vivado/2017.2/scripts/rt/data/unisim_comp.v:20759]
INFO: [Synth 8-638] synthesizing module 'BUFG' [C:/Xilinx/Vivado/2017.2/scripts/rt/data/unisim_comp.v:607]
INFO: [Synth 8-256] done synthesizing module 'BUFG' (3#1) [C:/Xilinx/Vivado/2017.2/scripts/rt/data/unisim_comp.v:607]
INFO: [Synth 8-256] done synthesizing module 'clk_wiz_0_clk_wiz' (4#1) [c:/Users/dasba/Desktop/teleco/dsed/proyecto_dsed/DSED_VHDL_NEXUSDDR/Proyecto_dsed_final/Proyecto_dsed_final.srcs/sources_1/ip/clk_wiz_0/clk_wiz_0_clk_wiz.v:68]
INFO: [Synth 8-256] done synthesizing module 'clk_wiz_0' (5#1) [c:/Users/dasba/Desktop/teleco/dsed/proyecto_dsed/DSED_VHDL_NEXUSDDR/Proyecto_dsed_final/Proyecto_dsed_final.srcs/sources_1/ip/clk_wiz_0/clk_wiz_0.v:70]
Finished RTL Elaboration : Time (s): cpu = 00:00:07 ; elapsed = 00:00:09 . Memory (MB): peak = 362.508 ; gain = 120.141
Finished RTL Optimization Phase 1 : Time (s): cpu = 00:00:08 ; elapsed = 00:00:09 . Memory (MB): peak = 362.508 ; gain = 120.141
INFO: [Device 21-403] Loading part xc7a100tcsg324-1
Constraint Validation Runtime : Time (s): cpu = 00:00:00 ; elapsed = 00:00:00.241 . Memory (MB): peak = 584.691 ; gain = 0.000
Finished Constraint Validation : Time (s): cpu = 00:00:25 ; elapsed = 00:00:28 . Memory (MB): peak = 584.691 ; gain = 342.324
Finished Loading Part and Timing Information : Time (s): cpu = 00:00:25 ; elapsed = 00:00:28 . Memory (MB): peak = 584.691 ; gain = 342.324
Finished applying 'set_property' XDC Constraints : Time (s): cpu = 00:00:25 ; elapsed = 00:00:28 . Memory (MB): peak = 584.691 ; gain = 342.324
Finished RTL Optimization Phase 2 : Time (s): cpu = 00:00:25 ; elapsed = 00:00:28 . Memory (MB): peak = 584.691 ; gain = 342.324
Finished Cross Boundary and Area Optimization : Time (s): cpu = 00:00:26 ; elapsed = 00:00:29 . Memory (MB): peak = 584.691 ; gain = 342.324
Finished Applying XDC Timing Constraints : Time (s): cpu = 00:00:46 ; elapsed = 00:00:49 . Memory (MB): peak = 606.773 ; gain = 364.406
Finished Timing Optimization : Time (s): cpu = 00:00:46 ; elapsed = 00:00:49 . Memory (MB): peak = 606.773 ; gain = 364.406
Finished Technology Mapping : Time (s): cpu = 00:00:46 ; elapsed = 00:00:49 . Memory (MB): peak = 616.914 ; gain = 374.547
Finished IO Insertion : Time (s): cpu = 00:00:48 ; elapsed = 00:00:51 . Memory (MB): peak = 616.914 ; gain = 374.547
Finished Renaming Generated Instances : Time (s): cpu = 00:00:48 ; elapsed = 00:00:51 . Memory (MB): peak = 616.914 ; gain = 374.547
Finished Rebuilding User Hierarchy : Time (s): cpu = 00:00:48 ; elapsed = 00:00:51 . Memory (MB): peak = 616.914 ; gain = 374.547
Finished Renaming Generated Ports : Time (s): cpu = 00:00:48 ; elapsed = 00:00:51 . Memory (MB): peak = 616.914 ; gain = 374.547
Finished Handling Custom Attributes : Time (s): cpu = 00:00:48 ; elapsed = 00:00:51 . Memory (MB): peak = 616.914 ; gain = 374.547
Finished Renaming Generated Nets : Time (s): cpu = 00:00:48 ; elapsed = 00:00:51 . Memory (MB): peak = 616.914 ; gain = 374.547

Report Cell Usage: 
+------+-----------+------+
|      |Cell       |Count |
+------+-----------+------+
|1     |BUFG       |     2|
|2     |MMCME2_ADV |     1|
|3     |IBUF       |     1|
+------+-----------+------+
Finished Writing Synthesis Report : Time (s): cpu = 00:00:48 ; elapsed = 00:00:51 . Memory (MB): peak = 616.914 ; gain = 374.547
synth_design: Time (s): cpu = 00:00:50 ; elapsed = 00:00:54 . Memory (MB): peak = 630.441 ; gain = 390.707
