
*** Running vivado
    with args -log blk_mem_gen_0.vds -m64 -product Vivado -mode batch -messageDb vivado.pb -notrace -source blk_mem_gen_0.tcl


****** Vivado v2017.2 (64-bit)
  **** SW Build 1909853 on Thu Jun 15 18:39:09 MDT 2017
  **** IP Build 1909766 on Thu Jun 15 19:58:00 MDT 2017
    ** Copyright 1986-2017 Xilinx, Inc. All Rights Reserved.

source blk_mem_gen_0.tcl -notrace
Starting RTL Elaboration : Time (s): cpu = 00:00:15 ; elapsed = 00:00:16 . Memory (MB): peak = 321.746 ; gain = 80.469
INFO: [Synth 8-638] synthesizing module 'blk_mem_gen_0' [c:/Users/dasba/Desktop/teleco/dsed/proyecto_dsed/DSED_VHDL_NEXUSDDR/Proyecto_dsed_final/Proyecto_dsed_final.srcs/sources_1/ip/blk_mem_gen_0/synth/blk_mem_gen_0.vhd:71]
INFO: [Synth 8-256] done synthesizing module 'blk_mem_gen_0' (11#1) [c:/Users/dasba/Desktop/teleco/dsed/proyecto_dsed/DSED_VHDL_NEXUSDDR/Proyecto_dsed_final/Proyecto_dsed_final.srcs/sources_1/ip/blk_mem_gen_0/synth/blk_mem_gen_0.vhd:71]
Finished RTL Elaboration : Time (s): cpu = 00:04:20 ; elapsed = 00:04:23 . Memory (MB): peak = 544.156 ; gain = 302.879
Finished RTL Optimization Phase 1 : Time (s): cpu = 00:04:21 ; elapsed = 00:04:25 . Memory (MB): peak = 544.156 ; gain = 302.879
INFO: [Device 21-403] Loading part xc7a100tcsg324-1
Constraint Validation Runtime : Time (s): cpu = 00:00:00 ; elapsed = 00:00:00.339 . Memory (MB): peak = 712.168 ; gain = 0.000
Finished Constraint Validation : Time (s): cpu = 00:04:51 ; elapsed = 00:04:57 . Memory (MB): peak = 712.168 ; gain = 470.891
Finished Loading Part and Timing Information : Time (s): cpu = 00:04:51 ; elapsed = 00:04:57 . Memory (MB): peak = 712.168 ; gain = 470.891
Finished applying 'set_property' XDC Constraints : Time (s): cpu = 00:04:51 ; elapsed = 00:04:57 . Memory (MB): peak = 712.168 ; gain = 470.891
Finished RTL Optimization Phase 2 : Time (s): cpu = 00:04:56 ; elapsed = 00:05:02 . Memory (MB): peak = 712.168 ; gain = 470.891
Finished Cross Boundary and Area Optimization : Time (s): cpu = 00:04:58 ; elapsed = 00:05:04 . Memory (MB): peak = 712.168 ; gain = 470.891
Finished Applying XDC Timing Constraints : Time (s): cpu = 00:05:33 ; elapsed = 00:05:39 . Memory (MB): peak = 712.168 ; gain = 470.891
Finished Timing Optimization : Time (s): cpu = 00:05:33 ; elapsed = 00:05:40 . Memory (MB): peak = 712.168 ; gain = 470.891
Finished Technology Mapping : Time (s): cpu = 00:05:34 ; elapsed = 00:05:41 . Memory (MB): peak = 712.168 ; gain = 470.891
Finished IO Insertion : Time (s): cpu = 00:05:35 ; elapsed = 00:05:42 . Memory (MB): peak = 712.168 ; gain = 470.891
Finished Renaming Generated Instances : Time (s): cpu = 00:05:35 ; elapsed = 00:05:42 . Memory (MB): peak = 712.168 ; gain = 470.891
Finished Rebuilding User Hierarchy : Time (s): cpu = 00:05:36 ; elapsed = 00:05:43 . Memory (MB): peak = 712.168 ; gain = 470.891
Finished Renaming Generated Ports : Time (s): cpu = 00:05:36 ; elapsed = 00:05:43 . Memory (MB): peak = 712.168 ; gain = 470.891
Finished Handling Custom Attributes : Time (s): cpu = 00:05:36 ; elapsed = 00:05:43 . Memory (MB): peak = 712.168 ; gain = 470.891
Finished Renaming Generated Nets : Time (s): cpu = 00:05:36 ; elapsed = 00:05:43 . Memory (MB): peak = 712.168 ; gain = 470.891

Report Cell Usage: 
+------+-----------+------+
|      |Cell       |Count |
+------+-----------+------+
|1     |LUT3       |     3|
|2     |LUT4       |    11|
|3     |LUT6       |    16|
|4     |MUXF7      |     8|
|5     |RAMB36E1   |    64|
|6     |RAMB36E1_1 |    64|
|7     |FDRE       |     6|
+------+-----------+------+
Finished Writing Synthesis Report : Time (s): cpu = 00:05:36 ; elapsed = 00:05:43 . Memory (MB): peak = 712.168 ; gain = 470.891
synth_design: Time (s): cpu = 00:05:42 ; elapsed = 00:05:50 . Memory (MB): peak = 712.168 ; gain = 471.520
