
*** Running vivado
    with args -log blk_mem_gen_0.vds -m64 -product Vivado -mode batch -messageDb vivado.pb -notrace -source blk_mem_gen_0.tcl


****** Vivado v2017.2 (64-bit)
  **** SW Build 1909853 on Thu Jun 15 18:39:09 MDT 2017
  **** IP Build 1909766 on Thu Jun 15 19:58:00 MDT 2017
    ** Copyright 1986-2017 Xilinx, Inc. All Rights Reserved.

source blk_mem_gen_0.tcl -notrace
Starting RTL Elaboration : Time (s): cpu = 00:00:08 ; elapsed = 00:00:08 . Memory (MB): peak = 321.848 ; gain = 80.430
INFO: [Synth 8-638] synthesizing module 'blk_mem_gen_0' [c:/Users/dasba/Desktop/teleco/dsed/proyecto_dsed/DSED_VHDL_NEXUSDDR/Proyecto_dsed_final/Proyecto_dsed_final.srcs/sources_1/ip/blk_mem_gen_0/synth/blk_mem_gen_0.vhd:70]
INFO: [Synth 8-256] done synthesizing module 'blk_mem_gen_0' (11#1) [c:/Users/dasba/Desktop/teleco/dsed/proyecto_dsed/DSED_VHDL_NEXUSDDR/Proyecto_dsed_final/Proyecto_dsed_final.srcs/sources_1/ip/blk_mem_gen_0/synth/blk_mem_gen_0.vhd:70]
Finished RTL Elaboration : Time (s): cpu = 00:02:19 ; elapsed = 00:02:22 . Memory (MB): peak = 543.750 ; gain = 302.332
Finished RTL Optimization Phase 1 : Time (s): cpu = 00:02:20 ; elapsed = 00:02:22 . Memory (MB): peak = 543.750 ; gain = 302.332
INFO: [Device 21-403] Loading part xc7a100tcsg324-1
Constraint Validation Runtime : Time (s): cpu = 00:00:00 ; elapsed = 00:00:00.172 . Memory (MB): peak = 711.758 ; gain = 0.000
Finished Constraint Validation : Time (s): cpu = 00:02:32 ; elapsed = 00:02:36 . Memory (MB): peak = 711.758 ; gain = 470.340
Finished Loading Part and Timing Information : Time (s): cpu = 00:02:32 ; elapsed = 00:02:36 . Memory (MB): peak = 711.758 ; gain = 470.340
Finished applying 'set_property' XDC Constraints : Time (s): cpu = 00:02:32 ; elapsed = 00:02:36 . Memory (MB): peak = 711.758 ; gain = 470.340
Finished RTL Optimization Phase 2 : Time (s): cpu = 00:02:34 ; elapsed = 00:02:38 . Memory (MB): peak = 711.758 ; gain = 470.340
Finished Cross Boundary and Area Optimization : Time (s): cpu = 00:02:34 ; elapsed = 00:02:39 . Memory (MB): peak = 711.758 ; gain = 470.340
Finished Applying XDC Timing Constraints : Time (s): cpu = 00:02:46 ; elapsed = 00:02:50 . Memory (MB): peak = 711.758 ; gain = 470.340
Finished Timing Optimization : Time (s): cpu = 00:02:46 ; elapsed = 00:02:51 . Memory (MB): peak = 711.758 ; gain = 470.340
Finished Technology Mapping : Time (s): cpu = 00:02:46 ; elapsed = 00:02:51 . Memory (MB): peak = 711.758 ; gain = 470.340
Finished IO Insertion : Time (s): cpu = 00:02:47 ; elapsed = 00:02:51 . Memory (MB): peak = 711.758 ; gain = 470.340
Finished Renaming Generated Instances : Time (s): cpu = 00:02:47 ; elapsed = 00:02:51 . Memory (MB): peak = 711.758 ; gain = 470.340
Finished Rebuilding User Hierarchy : Time (s): cpu = 00:02:47 ; elapsed = 00:02:52 . Memory (MB): peak = 711.758 ; gain = 470.340
Finished Renaming Generated Ports : Time (s): cpu = 00:02:47 ; elapsed = 00:02:52 . Memory (MB): peak = 711.758 ; gain = 470.340
Finished Handling Custom Attributes : Time (s): cpu = 00:02:47 ; elapsed = 00:02:52 . Memory (MB): peak = 711.758 ; gain = 470.340
Finished Renaming Generated Nets : Time (s): cpu = 00:02:47 ; elapsed = 00:02:52 . Memory (MB): peak = 711.758 ; gain = 470.340

Report Cell Usage: 
+------+-----------+------+
|      |Cell       |Count |
+------+-----------+------+
|1     |LUT3       |     3|
|2     |LUT4       |    11|
|3     |LUT6       |    16|
|4     |MUXF7      |     8|
|5     |RAMB36E1   |    64|
|6     |RAMB36E1_1 |    64|
|7     |FDRE       |     6|
+------+-----------+------+
Finished Writing Synthesis Report : Time (s): cpu = 00:02:47 ; elapsed = 00:02:52 . Memory (MB): peak = 711.758 ; gain = 470.340
synth_design: Time (s): cpu = 00:02:49 ; elapsed = 00:02:55 . Memory (MB): peak = 711.758 ; gain = 470.965
