Unable to capture context for thread 12332 in process 10980, can not generate back trace
Unable to capture context for thread 16356 in process 10980, can not generate back trace
Unable to capture context for thread 14156 in process 10980, can not generate back trace
Unable to capture context for thread 2792 in process 10980, can not generate back trace
Unable to capture context for thread 5728 in process 10980, can not generate back trace
Unable to capture context for thread 14012 in process 10980, can not generate back trace
Unable to capture context for thread 14460 in process 10980, can not generate back trace
Exception at PC 0x00007FFE41BEBB93
Printing stacktrace...

Exception at PC 0x00007FFED1D4A839
Exception at PC 0x00007FFED1D4A839
Exception at PC 0x00007FFED1D4A839
Exception at PC 0x00007FFED1D4A839
Exception at PC 0x00007FFED1D4A839
Exception at PC 0x00007FFED1D4A839
Exception at PC 0x00007FFED1D4A839
Exception at PC 0x00007FFED1D4A839
Exception at PC 0x00007FFED1D4A839
Exception at PC 0x00007FFED1D4A839
[0]  [0x00007FFE41BEBB93]
[1]  [0x00007FFE41BEBB93]
[2]  [0x00007FFE41BEB4A1]
[3]  [0x00007FFE41BEB459]
[4]  [0x00007FFE41BD19FE]
[5]  [0x00007FFE41BD0ED1]
[6]  [0x00007FFE41BD0D76]
[7]  [0x00007FFE41B779F6]
[8]  [0x00007FFE41B67AFB]
[9]  [0x00007FFE41C8E90A]
[10]  [0x00007FFE41CA9F87]
[11]  [0x00007FFE41CAA05F]
[12] (BaseThreadInitThunk+0x14) [0x00007FFED3517BD4]
[13] (RtlUserThreadStart+0x21) [0x00007FFED4D8CED1]
Done
Exception at PC 0x00007FFED1D4A839
Exception at PC 0x00007FFED1D4A839
Exception at PC 0x00007FFED1D4A839
Exception at PC 0x00007FFED1D4A839
Exception at PC 0x00007FFED1D4A839
Exception at PC 0x00007FFED1D4A839
Exception at PC 0x00007FFED1D4A839
Exception at PC 0x00007FFED1D4A839
Exception at PC 0x00007FFED1D4A839
Exception at PC 0x00007FFED1D4A839
Exception at PC 0x00007FFED1D4A839
Exception at PC 0x00007FFED1D4A839
Exception at PC 0x00007FFED1D4A839
Exception at PC 0x00007FFED1D4A839
Exception at PC 0x00007FFED1D4A839
Exception at PC 0x00007FFED1D4A839
Exception at PC 0x00007FFED1D4A839
Exception at PC 0x00007FFED1D4A839
Exception at PC 0x00007FFED1D4A839
Exception at PC 0x00007FFED1D4A839
Exception at PC 0x00007FFED1D4A839
Exception at PC 0x00007FFED1D4A839
Exception at PC 0x00007FFED1D4A839
Exception at PC 0x00007FFED1D4A839
Exception at PC 0x00007FFED1D4A839
Exception at PC 0x00007FFED1D4A839
Exception at PC 0x00007FFED1D4A839
Exception at PC 0x00007FFED1D4A839
Exception at PC 0x00007FFED1D4A839
Exception at PC 0x00007FFED1D4A839
Exception at PC 0x00007FFED1D4A839
Exception at PC 0x00007FFED1D4A839
Exception at PC 0x00007FFED1D4A839
Exception at PC 0x00007FFED1D4A839
