
*** Running vivado
    with args -log blk_mem_gen_0.vds -m64 -product Vivado -mode batch -messageDb vivado.pb -notrace -source blk_mem_gen_0.tcl


****** Vivado v2017.2 (64-bit)
  **** SW Build 1909853 on Thu Jun 15 18:39:09 MDT 2017
  **** IP Build 1909766 on Thu Jun 15 19:58:00 MDT 2017
    ** Copyright 1986-2017 Xilinx, Inc. All Rights Reserved.

source blk_mem_gen_0.tcl -notrace
Starting RTL Elaboration : Time (s): cpu = 00:00:06 ; elapsed = 00:00:06 . Memory (MB): peak = 321.883 ; gain = 80.398
INFO: [Synth 8-638] synthesizing module 'blk_mem_gen_0' [c:/Users/dasba/Desktop/teleco/dsed/proyecto_dsed/DSED_VHDL_NEXUSDDR/Proyecto_dsed_final/Proyecto_dsed_final.srcs/sources_1/ip/blk_mem_gen_0/synth/blk_mem_gen_0.vhd:70]
INFO: [Synth 8-256] done synthesizing module 'blk_mem_gen_0' (11#1) [c:/Users/dasba/Desktop/teleco/dsed/proyecto_dsed/DSED_VHDL_NEXUSDDR/Proyecto_dsed_final/Proyecto_dsed_final.srcs/sources_1/ip/blk_mem_gen_0/synth/blk_mem_gen_0.vhd:70]
Finished RTL Elaboration : Time (s): cpu = 00:01:49 ; elapsed = 00:01:49 . Memory (MB): peak = 542.480 ; gain = 300.996
Finished RTL Optimization Phase 1 : Time (s): cpu = 00:01:49 ; elapsed = 00:01:50 . Memory (MB): peak = 542.480 ; gain = 300.996
INFO: [Device 21-403] Loading part xc7a100tcsg324-1
Constraint Validation Runtime : Time (s): cpu = 00:00:00 ; elapsed = 00:00:00.041 . Memory (MB): peak = 712.500 ; gain = 0.000
Finished Constraint Validation : Time (s): cpu = 00:02:01 ; elapsed = 00:02:02 . Memory (MB): peak = 712.500 ; gain = 471.016
Finished Loading Part and Timing Information : Time (s): cpu = 00:02:01 ; elapsed = 00:02:02 . Memory (MB): peak = 712.500 ; gain = 471.016
Finished applying 'set_property' XDC Constraints : Time (s): cpu = 00:02:01 ; elapsed = 00:02:02 . Memory (MB): peak = 712.500 ; gain = 471.016
Finished RTL Optimization Phase 2 : Time (s): cpu = 00:02:03 ; elapsed = 00:02:04 . Memory (MB): peak = 712.500 ; gain = 471.016
Finished Cross Boundary and Area Optimization : Time (s): cpu = 00:02:04 ; elapsed = 00:02:05 . Memory (MB): peak = 712.500 ; gain = 471.016
Finished Applying XDC Timing Constraints : Time (s): cpu = 00:02:16 ; elapsed = 00:02:17 . Memory (MB): peak = 712.500 ; gain = 471.016
Finished Timing Optimization : Time (s): cpu = 00:02:16 ; elapsed = 00:02:18 . Memory (MB): peak = 712.500 ; gain = 471.016
Finished Technology Mapping : Time (s): cpu = 00:02:16 ; elapsed = 00:02:18 . Memory (MB): peak = 712.500 ; gain = 471.016
Finished IO Insertion : Time (s): cpu = 00:02:17 ; elapsed = 00:02:18 . Memory (MB): peak = 712.500 ; gain = 471.016
Finished Renaming Generated Instances : Time (s): cpu = 00:02:17 ; elapsed = 00:02:18 . Memory (MB): peak = 712.500 ; gain = 471.016
Finished Rebuilding User Hierarchy : Time (s): cpu = 00:02:17 ; elapsed = 00:02:19 . Memory (MB): peak = 712.500 ; gain = 471.016
Finished Renaming Generated Ports : Time (s): cpu = 00:02:17 ; elapsed = 00:02:19 . Memory (MB): peak = 712.500 ; gain = 471.016
Finished Handling Custom Attributes : Time (s): cpu = 00:02:17 ; elapsed = 00:02:19 . Memory (MB): peak = 712.500 ; gain = 471.016
Finished Renaming Generated Nets : Time (s): cpu = 00:02:17 ; elapsed = 00:02:19 . Memory (MB): peak = 712.500 ; gain = 471.016

Report Cell Usage: 
+------+-----------+------+
|      |Cell       |Count |
+------+-----------+------+
|1     |LUT4       |    11|
|2     |LUT6       |    16|
|3     |MUXF7      |     8|
|4     |RAMB36E1   |    64|
|5     |RAMB36E1_1 |    64|
|6     |FDRE       |    14|
+------+-----------+------+
Finished Writing Synthesis Report : Time (s): cpu = 00:02:17 ; elapsed = 00:02:19 . Memory (MB): peak = 712.500 ; gain = 471.016
synth_design: Time (s): cpu = 00:02:19 ; elapsed = 00:02:22 . Memory (MB): peak = 712.500 ; gain = 472.641
